2026-04-27 12:58:04,473 - INFO - Logger initialisé pour clean_etablissements
2026-04-27 12:58:04,473 - INFO - Fichier de log: /home/adama/Workspace/Test_technique_DE/logs/clean_etablissements_20260427_125804.log
2026-04-27 12:58:04,481 - INFO - Suppression des doublons sur code_etablissement: 3 doublons supprimés
2026-04-27 12:58:04,494 - INFO - Fichier écrit: /home/adama/Workspace/Test_technique_DE/data/silver/etablissements.parquet (34 lignes)
2026-04-27 12:58:04,495 - INFO - Logger initialisé pour clean_effectifs
2026-04-27 12:58:04,495 - INFO - Fichier de log: /home/adama/Workspace/Test_technique_DE/logs/clean_effectifs_20260427_125804.log
2026-04-27 12:58:04,510 - WARNING - Intégrité référentielle: 2 lignes supprimées (code_etablissement invalide)
2026-04-27 12:58:04,510 - INFO - Lignes supprimées sauvegardées dans /home/adama/Workspace/Test_technique_DE/logs/effectifs_sans_etablissement.csv
2026-04-27 12:58:04,512 - INFO - Après intégrité référentielle: 83 lignes conservées
2026-04-27 12:58:04,512 - INFO - Valeurs manquantes sur nb_filles: 1 (1.20%)
2026-04-27 12:58:04,512 - INFO - Stratégie 1: Suppression pure (taux manquants: 1.20% <= 5%)
2026-04-27 12:58:04,513 - INFO - Lignes à supprimer: 1
2026-04-27 12:58:04,514 - INFO - Fichier sauvegardé: /home/adama/Workspace/Test_technique_DE/logs/deleted_rows_clean_effectifs_20260427_125804.csv
2026-04-27 12:58:04,518 - INFO - Données après suppression: 82 lignes (perte de 1 lignes)
2026-04-27 12:58:04,520 - INFO - Fichier écrit: /home/adama/Workspace/Test_technique_DE/data/silver/effectifs.parquet (82 lignes)
2026-04-27 12:58:04,521 - INFO - Logger initialisé pour clean_enseignants
2026-04-27 12:58:04,521 - INFO - Fichier de log: /home/adama/Workspace/Test_technique_DE/logs/clean_enseignants_20260427_125804.log
2026-04-27 12:58:04,647 - INFO - Fusion des deux ongletsterminée: 511 lignes au total
2026-04-27 12:58:04,648 - INFO - Conversion des dates au format ISO 8601
2026-04-27 12:58:04,648 - INFO - Colonnes de dates détectées: ['date_prise_de_poste', 'date_fin_contrat']
2026-04-27 12:58:04,655 - INFO - Après intégrité référentielle: 511 lignes conservées
2026-04-27 12:58:04,656 - INFO - Gestion des doublons sur matricule
2026-04-27 12:58:04,663 - INFO - Détail des doublons supprimés: /home/adama/Workspace/Test_technique_DE/logs/doublons_enseignants_supprimes.csv
2026-04-27 12:58:04,665 - INFO - Fichier écrit: /home/adama/Workspace/Test_technique_DE/data/silver/enseignants.parquet (508 lignes)
2026-04-27 12:58:04,666 - INFO - Logger initialisé pour clean_budgets
2026-04-27 12:58:04,666 - INFO - Fichier de log: /home/adama/Workspace/Test_technique_DE/logs/clean_budgets_20260427_125804.log
2026-04-27 12:58:04,675 - INFO - Traitement de la colonne: budget_fonctionnement
2026-04-27 12:58:04,676 - INFO - NaN remplacés par 0: 1
2026-04-27 12:58:04,677 - INFO - Traitement de la colonne: budget_investissement
2026-04-27 12:58:04,679 - INFO - NaN remplacés par 0: 1
2026-04-27 12:58:04,679 - INFO - Traitement de la colonne: budget_total
2026-04-27 12:58:04,680 - INFO - NaN remplacés par 0: 1
2026-04-27 12:58:04,682 - INFO - Fichier écrit: /home/adama/Workspace/Test_technique_DE/data/silver/budgets.parquet (15 lignes)
