2026-04-27 13:06:32,822 - INFO - Logger initialisé pour clean_etablissements
2026-04-27 13:06:32,822 - INFO - Fichier de log: /home/adama/Workspace/Test_technique_DE/logs/clean_etablissements_20260427_130632.log
2026-04-27 13:06:32,830 - INFO - Suppression des doublons sur code_etablissement: 3 doublons supprimés
2026-04-27 13:06:32,843 - INFO - Fichier écrit: /home/adama/Workspace/Test_technique_DE/data/silver/etablissements.parquet (34 lignes)
2026-04-27 13:06:32,844 - INFO - Logger initialisé pour clean_effectifs
2026-04-27 13:06:32,844 - INFO - Fichier de log: /home/adama/Workspace/Test_technique_DE/logs/clean_effectifs_20260427_130632.log
2026-04-27 13:06:32,858 - WARNING - Intégrité référentielle: 2 lignes supprimées (code_etablissement invalide)
2026-04-27 13:06:32,858 - INFO - Lignes supprimées sauvegardées dans /home/adama/Workspace/Test_technique_DE/logs/effectifs_sans_etablissement.csv
2026-04-27 13:06:32,860 - INFO - Après intégrité référentielle: 83 lignes conservées
2026-04-27 13:06:32,860 - INFO - Valeurs manquantes sur nb_filles: 1 (1.20%)
2026-04-27 13:06:32,861 - INFO - Stratégie 1: Suppression pure (taux manquants: 1.20% <= 5%)
2026-04-27 13:06:32,862 - INFO - Lignes à supprimer: 1
2026-04-27 13:06:32,862 - INFO - Fichier sauvegardé: /home/adama/Workspace/Test_technique_DE/logs/deleted_rows_clean_effectifs_20260427_130632.csv
2026-04-27 13:06:32,865 - INFO - Données après suppression: 82 lignes (perte de 1 lignes)
2026-04-27 13:06:32,867 - INFO - Fichier écrit: /home/adama/Workspace/Test_technique_DE/data/silver/effectifs.parquet (82 lignes)
2026-04-27 13:06:32,867 - INFO - Logger initialisé pour clean_enseignants
2026-04-27 13:06:32,868 - INFO - Fichier de log: /home/adama/Workspace/Test_technique_DE/logs/clean_enseignants_20260427_130632.log
2026-04-27 13:06:32,995 - INFO - Fusion des deux ongletsterminée: 511 lignes au total
2026-04-27 13:06:32,995 - INFO - Conversion des dates au format ISO 8601
2026-04-27 13:06:32,995 - INFO - Colonnes de dates détectées: ['date_prise_de_poste', 'date_fin_contrat']
2026-04-27 13:06:33,002 - INFO - Après intégrité référentielle: 511 lignes conservées
2026-04-27 13:06:33,002 - INFO - Gestion des doublons sur matricule
2026-04-27 13:06:33,009 - INFO - Détail des doublons supprimés: /home/adama/Workspace/Test_technique_DE/logs/doublons_enseignants_supprimes.csv
2026-04-27 13:06:33,011 - INFO - Fichier écrit: /home/adama/Workspace/Test_technique_DE/data/silver/enseignants.parquet (508 lignes)
2026-04-27 13:06:33,011 - INFO - Logger initialisé pour clean_budgets
2026-04-27 13:06:33,011 - INFO - Fichier de log: /home/adama/Workspace/Test_technique_DE/logs/clean_budgets_20260427_130633.log
2026-04-27 13:06:33,020 - INFO - Normalisation des noms de régions (approche regex)
2026-04-27 13:06:33,022 - INFO -   - Valeurs uniques après (Régions): 5
2026-04-27 13:06:33,022 - INFO - Traitement de la colonne: budget_fonctionnement
2026-04-27 13:06:33,024 - INFO - NaN remplacés par 0: 1
2026-04-27 13:06:33,024 - INFO - Traitement de la colonne: budget_investissement
2026-04-27 13:06:33,026 - INFO - NaN remplacés par 0: 1
2026-04-27 13:06:33,027 - INFO - Traitement de la colonne: budget_total
2026-04-27 13:06:33,028 - INFO - NaN remplacés par 0: 1
2026-04-27 13:06:33,030 - INFO - Fichier écrit: /home/adama/Workspace/Test_technique_DE/data/silver/budgets.parquet (15 lignes)
